{"name":"orderTheItem","status":"failed","statusDetails":{"known":false,"muted":false,"flaky":false,"message":"Test WebsiteTest.orderTheItem failed.\r\n4 checks failed\r\n\r\nFAIL #1: Element not found {#button-shipping-method}\r\nExpected: visible or transparent: visible or have css value opacity=0\r\nScreenshot: file:/C:/Users/GIO/OneDrive/Desktop/Final%20Project%202/Project2-/build/reports/WebsiteTest/orderTheItem/1629970270538.0.png\r\nTimeout: 5 s.\r\nCaused by: NoSuchElementException: no such element: Unable to locate element: {\"method\":\"css selector\",\"selector\":\"#button-shipping-method\"}\r\n\r\nFAIL #2: Element not found {#input-payment-zone/option[text:California]}\r\nExpected: exist\r\nScreenshot: file:/C:/Users/GIO/OneDrive/Desktop/Final%20Project%202/Project2-/build/reports/WebsiteTest/orderTheItem/1629970277916.1.png\r\nTimeout: 5 s.\r\nCaused by: NoSuchElementException: Cannot locate element with text: California\r\n\r\nFAIL #3: Element not found {#button-shipping-method}\r\nExpected: visible or transparent: visible or have css value opacity=0\r\nScreenshot: file:/C:/Users/GIO/OneDrive/Desktop/Final%20Project%202/Project2-/build/reports/WebsiteTest/orderTheItem/1629970286133.2.png\r\nTimeout: 5 s.\r\nCaused by: NoSuchElementException: no such element: Unable to locate element: {\"method\":\"css selector\",\"selector\":\"#button-shipping-method\"}\r\n\r\nFAIL #4: Element not found {#button-shipping-method}\r\nExpected: visible or transparent: visible or have css value opacity=0\r\nScreenshot: file:/C:/Users/GIO/OneDrive/Desktop/Final%20Project%202/Project2-/build/reports/WebsiteTest/orderTheItem/1629970294406.3.png\r\nTimeout: 5 s.\r\nCaused by: NoSuchElementException: no such element: Unable to locate element: {\"method\":\"css selector\",\"selector\":\"#button-shipping-method\"}\r\n","trace":"com.codeborne.selenide.ex.SoftAssertionError: Test WebsiteTest.orderTheItem failed.\r\n4 checks failed\r\n\r\nFAIL #1: Element not found {#button-shipping-method}\r\nExpected: visible or transparent: visible or have css value opacity=0\r\nScreenshot: file:/C:/Users/GIO/OneDrive/Desktop/Final%20Project%202/Project2-/build/reports/WebsiteTest/orderTheItem/1629970270538.0.png\r\nTimeout: 5 s.\r\nCaused by: NoSuchElementException: no such element: Unable to locate element: {\"method\":\"css selector\",\"selector\":\"#button-shipping-method\"}\r\n\r\nFAIL #2: Element not found {#input-payment-zone/option[text:California]}\r\nExpected: exist\r\nScreenshot: file:/C:/Users/GIO/OneDrive/Desktop/Final%20Project%202/Project2-/build/reports/WebsiteTest/orderTheItem/1629970277916.1.png\r\nTimeout: 5 s.\r\nCaused by: NoSuchElementException: Cannot locate element with text: California\r\n\r\nFAIL #3: Element not found {#button-shipping-method}\r\nExpected: visible or transparent: visible or have css value opacity=0\r\nScreenshot: file:/C:/Users/GIO/OneDrive/Desktop/Final%20Project%202/Project2-/build/reports/WebsiteTest/orderTheItem/1629970286133.2.png\r\nTimeout: 5 s.\r\nCaused by: NoSuchElementException: no such element: Unable to locate element: {\"method\":\"css selector\",\"selector\":\"#button-shipping-method\"}\r\n\r\nFAIL #4: Element not found {#button-shipping-method}\r\nExpected: visible or transparent: visible or have css value opacity=0\r\nScreenshot: file:/C:/Users/GIO/OneDrive/Desktop/Final%20Project%202/Project2-/build/reports/WebsiteTest/orderTheItem/1629970294406.3.png\r\nTimeout: 5 s.\r\nCaused by: NoSuchElementException: no such element: Unable to locate element: {\"method\":\"css selector\",\"selector\":\"#button-shipping-method\"}\r\n\r\n\tat com.codeborne.selenide.logevents.ErrorsCollector.failIfErrors(ErrorsCollector.java:64)\r\n\tat com.codeborne.selenide.testng.SoftAsserts.failIfErrors(SoftAsserts.java:85)\r\n\tat com.codeborne.selenide.testng.SoftAsserts.onTestFailure(SoftAsserts.java:29)\r\n\tat org.testng.internal.TestListenerHelper.runTestListeners(TestListenerHelper.java:96)\r\n\tat org.testng.internal.TestInvoker.runTestResultListener(TestInvoker.java:219)\r\n\tat org.testng.internal.TestInvoker.invokeMethod(TestInvoker.java:656)\r\n\tat org.testng.internal.TestInvoker.retryFailed(TestInvoker.java:213)\r\n\tat org.testng.internal.MethodRunner.runInSequence(MethodRunner.java:58)\r\n\tat org.testng.internal.TestInvoker$MethodInvocationAgent.invoke(TestInvoker.java:824)\r\n\tat org.testng.internal.TestInvoker.invokeTestMethods(TestInvoker.java:146)\r\n\tat org.testng.internal.TestMethodWorker.invokeTestMethods(TestMethodWorker.java:146)\r\n\tat org.testng.internal.TestMethodWorker.run(TestMethodWorker.java:128)\r\n\tat java.base/java.util.ArrayList.forEach(ArrayList.java:1511)\r\n\tat org.testng.TestRunner.privateRun(TestRunner.java:794)\r\n\tat org.testng.TestRunner.run(TestRunner.java:596)\r\n\tat org.testng.SuiteRunner.runTest(SuiteRunner.java:377)\r\n\tat org.testng.SuiteRunner.runSequentially(SuiteRunner.java:371)\r\n\tat org.testng.SuiteRunner.privateRun(SuiteRunner.java:332)\r\n\tat org.testng.SuiteRunner.run(SuiteRunner.java:276)\r\n\tat org.testng.SuiteRunnerWorker.runSuite(SuiteRunnerWorker.java:53)\r\n\tat org.testng.SuiteRunnerWorker.run(SuiteRunnerWorker.java:96)\r\n\tat org.testng.TestNG.runSuitesSequentially(TestNG.java:1212)\r\n\tat org.testng.TestNG.runSuitesLocally(TestNG.java:1134)\r\n\tat org.testng.TestNG.runSuites(TestNG.java:1063)\r\n\tat org.testng.TestNG.run(TestNG.java:1031)\r\n\tat com.intellij.rt.testng.IDEARemoteTestNG.run(IDEARemoteTestNG.java:66)\r\n\tat com.intellij.rt.testng.RemoteTestNGStarter.main(RemoteTestNGStarter.java:109)\r\n"},"stage":"finished","description":"Test Description : Fill billing information and order the item","steps":[{"name":"Press total cart button","status":"passed","stage":"finished","steps":[],"attachments":[],"parameters":[],"start":1629970286485,"stop":1629970286594},{"name":"Press Checkout button","status":"passed","stage":"finished","steps":[],"attachments":[],"parameters":[],"start":1629970286594,"stop":1629970287359}],"attachments":[],"parameters":[],"start":1629970286485,"stop":1629970294791,"uuid":"4c1f0985-5da9-46a9-87b1-ef02617c93ba","historyId":"73857cc4be80795c8c39f224fb401972","fullName":"WebsiteTest.orderTheItem","labels":[{"name":"package","value":"WebsiteTest"},{"name":"testClass","value":"WebsiteTest"},{"name":"testMethod","value":"orderTheItem"},{"name":"parentSuite","value":"Default Suite"},{"name":"suite","value":"Project2"},{"name":"subSuite","value":"WebsiteTest"},{"name":"host","value":"DESKTOP-EB0V1PH"},{"name":"thread","value":"6988@DESKTOP-EB0V1PH.main(1)"},{"name":"framework","value":"testng"},{"name":"language","value":"java"},{"name":"story","value":"Test orders the item"},{"name":"feature","value":"Website Testing"},{"name":"epic","value":"Test with selenide"}],"links":[]}