{"name":"LaptopsAndNotebooksTest","status":"failed","statusDetails":{"known":false,"muted":false,"flaky":false,"message":"org.openqa.selenium.InvalidSelectorException: invalid selector: Unable to locate an element with the xpath expression Show All Laptops & Notebooks because of the following error:\nSyntaxError: Failed to execute 'evaluate' on 'Document': The string 'Show All Laptops & Notebooks' is not a valid XPath expression.\n  (Session info: chrome=92.0.4515.159)\nFor documentation on this error, please visit: https://www.seleniumhq.org/exceptions/invalid_selector_exception.html\nBuild info: version: '3.141.59', revision: 'e82be7d358', time: '2018-11-14T08:17:03'\nSystem info: host: 'DESKTOP-EB0V1PH', ip: '192.168.100.231', os.name: 'Windows 10', os.arch: 'amd64', os.version: '10.0', java.version: '16.0.1'\nDriver info: org.openqa.selenium.chrome.ChromeDriver\nCapabilities {acceptInsecureCerts: true, browserName: chrome, browserVersion: 92.0.4515.159, chrome: {chromedriverVersion: 92.0.4515.107 (87a818b10553..., userDataDir: C:\\Users\\GIO\\AppData\\Local\\...}, goog:chromeOptions: {debuggerAddress: localhost:62239}, javascriptEnabled: true, networkConnectionEnabled: false, pageLoadStrategy: normal, platform: WINDOWS, platformName: WINDOWS, proxy: Proxy(), setWindowRect: true, strictFileInteractability: false, timeouts: {implicit: 0, pageLoad: 300000, script: 30000}, unhandledPromptBehavior: dismiss and notify, webauthn:extension:credBlob: true, webauthn:extension:largeBlob: true, webauthn:virtualAuthenticators: true}\nSession ID: ca737ebb05b91a7b9dfc91eb82490855\n*** Element info: {Using=xpath, value=Show All Laptops & Notebooks}","trace":"com.codeborne.selenide.ex.SoftAssertionError: org.openqa.selenium.InvalidSelectorException: invalid selector: Unable to locate an element with the xpath expression Show All Laptops & Notebooks because of the following error:\nSyntaxError: Failed to execute 'evaluate' on 'Document': The string 'Show All Laptops & Notebooks' is not a valid XPath expression.\n  (Session info: chrome=92.0.4515.159)\nFor documentation on this error, please visit: https://www.seleniumhq.org/exceptions/invalid_selector_exception.html\nBuild info: version: '3.141.59', revision: 'e82be7d358', time: '2018-11-14T08:17:03'\nSystem info: host: 'DESKTOP-EB0V1PH', ip: '192.168.100.231', os.name: 'Windows 10', os.arch: 'amd64', os.version: '10.0', java.version: '16.0.1'\nDriver info: org.openqa.selenium.chrome.ChromeDriver\nCapabilities {acceptInsecureCerts: true, browserName: chrome, browserVersion: 92.0.4515.159, chrome: {chromedriverVersion: 92.0.4515.107 (87a818b10553..., userDataDir: C:\\Users\\GIO\\AppData\\Local\\...}, goog:chromeOptions: {debuggerAddress: localhost:62239}, javascriptEnabled: true, networkConnectionEnabled: false, pageLoadStrategy: normal, platform: WINDOWS, platformName: WINDOWS, proxy: Proxy(), setWindowRect: true, strictFileInteractability: false, timeouts: {implicit: 0, pageLoad: 300000, script: 30000}, unhandledPromptBehavior: dismiss and notify, webauthn:extension:credBlob: true, webauthn:extension:largeBlob: true, webauthn:virtualAuthenticators: true}\nSession ID: ca737ebb05b91a7b9dfc91eb82490855\n*** Element info: {Using=xpath, value=Show All Laptops & Notebooks}\r\n\tat com.codeborne.selenide.logevents.ErrorsCollector.failIfErrors(ErrorsCollector.java:52)\r\n\tat com.codeborne.selenide.testng.SoftAsserts.failIfErrors(SoftAsserts.java:85)\r\n\tat com.codeborne.selenide.testng.SoftAsserts.onTestFailure(SoftAsserts.java:29)\r\n\tat org.testng.internal.TestListenerHelper.runTestListeners(TestListenerHelper.java:96)\r\n\tat org.testng.internal.TestInvoker.runTestResultListener(TestInvoker.java:219)\r\n\tat org.testng.internal.TestInvoker.invokeMethod(TestInvoker.java:656)\r\n\tat org.testng.internal.TestInvoker.invokeTestMethod(TestInvoker.java:173)\r\n\tat org.testng.internal.MethodRunner.runInSequence(MethodRunner.java:46)\r\n\tat org.testng.internal.TestInvoker$MethodInvocationAgent.invoke(TestInvoker.java:824)\r\n\tat org.testng.internal.TestInvoker.invokeTestMethods(TestInvoker.java:146)\r\n\tat org.testng.internal.TestMethodWorker.invokeTestMethods(TestMethodWorker.java:146)\r\n\tat org.testng.internal.TestMethodWorker.run(TestMethodWorker.java:128)\r\n\tat java.base/java.util.ArrayList.forEach(ArrayList.java:1511)\r\n\tat org.testng.TestRunner.privateRun(TestRunner.java:794)\r\n\tat org.testng.TestRunner.run(TestRunner.java:596)\r\n\tat org.testng.SuiteRunner.runTest(SuiteRunner.java:377)\r\n\tat org.testng.SuiteRunner.runSequentially(SuiteRunner.java:371)\r\n\tat org.testng.SuiteRunner.privateRun(SuiteRunner.java:332)\r\n\tat org.testng.SuiteRunner.run(SuiteRunner.java:276)\r\n\tat org.testng.SuiteRunnerWorker.runSuite(SuiteRunnerWorker.java:53)\r\n\tat org.testng.SuiteRunnerWorker.run(SuiteRunnerWorker.java:96)\r\n\tat org.testng.TestNG.runSuitesSequentially(TestNG.java:1212)\r\n\tat org.testng.TestNG.runSuitesLocally(TestNG.java:1134)\r\n\tat org.testng.TestNG.runSuites(TestNG.java:1063)\r\n\tat org.testng.TestNG.run(TestNG.java:1031)\r\n\tat com.intellij.rt.testng.IDEARemoteTestNG.run(IDEARemoteTestNG.java:66)\r\n\tat com.intellij.rt.testng.RemoteTestNGStarter.main(RemoteTestNGStarter.java:109)\r\n"},"stage":"finished","steps":[],"attachments":[],"parameters":[],"start":1629480941556,"stop":1629480942752,"uuid":"d048183e-5dea-4f29-b268-001047a6edf2","historyId":"70928612c983071f11015c88eb2e0fe","fullName":"WebsiteTest.LaptopsAndNotebooksTest","labels":[{"name":"package","value":"WebsiteTest"},{"name":"testClass","value":"WebsiteTest"},{"name":"testMethod","value":"LaptopsAndNotebooksTest"},{"name":"parentSuite","value":"Default Suite"},{"name":"suite","value":"Project2"},{"name":"subSuite","value":"WebsiteTest"},{"name":"host","value":"DESKTOP-EB0V1PH"},{"name":"thread","value":"4460@DESKTOP-EB0V1PH.main(1)"},{"name":"framework","value":"testng"},{"name":"language","value":"java"}],"links":[]}